<?xml version="1.0" encoding="utf-8"?><testsuites name="pytest tests"><testsuite name="pytest" errors="0" failures="0" skipped="0" tests="15" time="16.678" timestamp="2026-03-18T12:29:34.318237+00:00" hostname="agent-env-46e78f9a-f14e-455f-87b9-bbf7d39e8d97"><testcase classname="backend.tests.test_exam_platform.TestAPIHealth" name="test_api_root_health" time="2.691" /><testcase classname="backend.tests.test_exam_platform.TestAuthentication" name="test_admin_login" time="0.596" /><testcase classname="backend.tests.test_exam_platform.TestAuthentication" name="test_student_login" time="0.580" /><testcase classname="backend.tests.test_exam_platform.TestAuthentication" name="test_teacher_login" time="0.576" /><testcase classname="backend.tests.test_exam_platform.TestAuthentication" name="test_parent_login" time="1.040" /><testcase classname="backend.tests.test_exam_platform.TestAuthentication" name="test_marker_login" time="0.602" /><testcase classname="backend.tests.test_exam_platform.TestAuthentication" name="test_invalid_credentials_rejected" time="0.341" /><testcase classname="backend.tests.test_exam_platform.TestAdminStatistics" name="test_get_admin_statistics" time="3.272" /><testcase classname="backend.tests.test_exam_platform.TestAdminStatistics" name="test_statistics_requires_auth" time="0.127" /><testcase classname="backend.tests.test_exam_platform.TestBatchManagement" name="test_list_batches" time="1.168" /><testcase classname="backend.tests.test_exam_platform.TestBatchManagement" name="test_create_batch" time="1.157" /><testcase classname="backend.tests.test_exam_platform.TestBatchManagement" name="test_batches_require_auth" time="0.108" /><testcase classname="backend.tests.test_exam_platform.TestUserManagement" name="test_list_users" time="1.181" /><testcase classname="backend.tests.test_exam_platform.TestStudentFeatures" name="test_student_can_list_exams" time="1.898" /><testcase classname="backend.tests.test_exam_platform.TestTeacherFeatures" name="test_teacher_can_access_dashboard" time="1.221" /></testsuite></testsuites>